<?xml version="1.0" encoding="utf-8"?><testsuites><testsuite name="pytest" errors="0" failures="0" skipped="0" tests="3" time="31.898" timestamp="2024-10-21T12:07:54.306367+03:00" hostname="LAPTOP-4S1HD3I8"><testcase classname="test_HomePage.TestHomePage" name="test_formSubmission[getData0]" time="10.002" /><testcase classname="test_HomePage.TestHomePage" name="test_formSubmission[getData1]" time="3.730" /><testcase classname="test_e2e.TestOne" name="test_e2e" time="18.119" /></testsuite></testsuites>